{"/home/luiz/Documents/Driven/Projetos/projeto19-drivenpass/src/app.ts": {"path":"/home/luiz/Documents/Driven/Projetos/projeto19-drivenpass/src/app.ts","statementMap":{"0":{"start":{"line":1,"column":0},"end":{"line":1,"column":26}},"1":{"start":{"line":2,"column":0},"end":{"line":2,"column":30}},"2":{"start":{"line":3,"column":0},"end":{"line":3,"column":43}},"3":{"start":{"line":4,"column":0},"end":{"line":4,"column":24}},"4":{"start":{"line":6,"column":0},"end":{"line":6,"column":60}},"5":{"start":{"line":8,"column":0},"end":{"line":8,"column":10}},"6":{"start":{"line":10,"column":0},"end":{"line":10,"column":null}},"7":{"start":{"line":17,"column":12},"end":{"line":17,"column":21}},"8":{"start":{"line":18,"column":0},"end":{"line":25,"column":null}},"9":{"start":{"line":21,"column":33},"end":{"line":21,"column":48}},"10":{"start":{"line":29,"column":2},"end":{"line":29,"column":14}},"11":{"start":{"line":30,"column":2},"end":{"line":30,"column":30}},"12":{"start":{"line":28,"column":0},"end":{"line":28,"column":16}},"13":{"start":{"line":34,"column":2},"end":{"line":34,"column":23}},"14":{"start":{"line":33,"column":0},"end":{"line":33,"column":7}},"15":{"start":{"line":37,"column":0},"end":{"line":37,"column":19}}},"fnMap":{"0":{"name":"(anonymous_1)","decl":{"start":{"line":21,"column":18},"end":{"line":21,"column":19}},"loc":{"start":{"line":21,"column":33},"end":{"line":21,"column":48}}},"1":{"name":"init","decl":{"start":{"line":28,"column":16},"end":{"line":28,"column":20}},"loc":{"start":{"line":28,"column":20},"end":{"line":31,"column":1}}},"2":{"name":"close","decl":{"start":{"line":33,"column":22},"end":{"line":33,"column":27}},"loc":{"start":{"line":33,"column":27},"end":{"line":35,"column":1}}}},"branchMap":{},"s":{"0":5,"1":5,"2":5,"3":5,"4":5,"5":5,"6":5,"7":5,"8":5,"9":1,"10":5,"11":5,"12":5,"13":0,"14":5,"15":5},"f":{"0":1,"1":5,"2":0},"b":{}}
,"/home/luiz/Documents/Driven/Projetos/projeto19-drivenpass/src/config/database.ts": {"path":"/home/luiz/Documents/Driven/Projetos/projeto19-drivenpass/src/config/database.ts","statementMap":{"0":{"start":{"line":1,"column":0},"end":{"line":1,"column":46}},"1":{"start":{"line":5,"column":2},"end":{"line":5,"column":30}},"2":{"start":{"line":4,"column":0},"end":{"line":4,"column":16}},"3":{"start":{"line":9,"column":2},"end":{"line":9,"column":30}},"4":{"start":{"line":8,"column":0},"end":{"line":8,"column":7}}},"fnMap":{"0":{"name":"connectDb","decl":{"start":{"line":4,"column":16},"end":{"line":4,"column":25}},"loc":{"start":{"line":4,"column":25},"end":{"line":6,"column":1}}},"1":{"name":"disconnectDB","decl":{"start":{"line":8,"column":22},"end":{"line":8,"column":34}},"loc":{"start":{"line":8,"column":34},"end":{"line":10,"column":1}}}},"branchMap":{},"s":{"0":5,"1":5,"2":5,"3":0,"4":5},"f":{"0":5,"1":0},"b":{}}
,"/home/luiz/Documents/Driven/Projetos/projeto19-drivenpass/src/config/envs.ts": {"path":"/home/luiz/Documents/Driven/Projetos/projeto19-drivenpass/src/config/envs.ts","statementMap":{"0":{"start":{"line":1,"column":0},"end":{"line":1,"column":28}},"1":{"start":{"line":2,"column":0},"end":{"line":2,"column":41}},"2":{"start":{"line":6,"column":4},"end":{"line":10,"column":16}},"3":{"start":{"line":12,"column":22},"end":{"line":12,"column":45}},"4":{"start":{"line":13,"column":2},"end":{"line":13,"column":35}},"5":{"start":{"line":4,"column":0},"end":{"line":4,"column":16}}},"fnMap":{"0":{"name":"loadEnv","decl":{"start":{"line":4,"column":16},"end":{"line":4,"column":23}},"loc":{"start":{"line":4,"column":23},"end":{"line":14,"column":1}}}},"branchMap":{"0":{"loc":{"start":{"line":6,"column":4},"end":{"line":10,"column":16}},"type":"cond-expr","locations":[{"start":{"line":7,"column":8},"end":{"line":7,"column":19}},{"start":{"line":8,"column":8},"end":{"line":10,"column":16}}]},"1":{"loc":{"start":{"line":8,"column":8},"end":{"line":10,"column":16}},"type":"cond-expr","locations":[{"start":{"line":9,"column":10},"end":{"line":9,"column":28}},{"start":{"line":10,"column":10},"end":{"line":10,"column":16}}]}},"s":{"0":5,"1":5,"2":10,"3":10,"4":10,"5":5},"f":{"0":10},"b":{"0":[10,0],"1":[0,0]}}
,"/home/luiz/Documents/Driven/Projetos/projeto19-drivenpass/src/config/index.ts": {"path":"/home/luiz/Documents/Driven/Projetos/projeto19-drivenpass/src/config/index.ts","statementMap":{"0":{"start":{"line":1,"column":0},"end":{"line":1,"column":23}},"1":{"start":{"line":2,"column":0},"end":{"line":2,"column":27}}},"fnMap":{},"branchMap":{},"s":{"0":5,"1":5},"f":{},"b":{}}
,"/home/luiz/Documents/Driven/Projetos/projeto19-drivenpass/src/controllers/auth-controller.ts": {"path":"/home/luiz/Documents/Driven/Projetos/projeto19-drivenpass/src/controllers/auth-controller.ts","statementMap":{"0":{"start":{"line":1,"column":0},"end":{"line":1,"column":59}},"1":{"start":{"line":3,"column":0},"end":{"line":3,"column":37}},"2":{"start":{"line":7,"column":28},"end":{"line":7,"column":36}},"3":{"start":{"line":9,"column":2},"end":{"line":22,"column":null}},"4":{"start":{"line":10,"column":18},"end":{"line":10,"column":68}},"5":{"start":{"line":11,"column":4},"end":{"line":13,"column":7}},"6":{"start":{"line":15,"column":4},"end":{"line":17,"column":null}},"7":{"start":{"line":16,"column":6},"end":{"line":16,"column":61}},"8":{"start":{"line":18,"column":4},"end":{"line":20,"column":null}},"9":{"start":{"line":19,"column":6},"end":{"line":19,"column":61}},"10":{"start":{"line":21,"column":4},"end":{"line":21,"column":58}},"11":{"start":{"line":5,"column":0},"end":{"line":5,"column":7}}},"fnMap":{"0":{"name":"signIn","decl":{"start":{"line":5,"column":22},"end":{"line":5,"column":28}},"loc":{"start":{"line":5,"column":56},"end":{"line":24,"column":1}}}},"branchMap":{"0":{"loc":{"start":{"line":15,"column":4},"end":{"line":17,"column":null}},"type":"if","locations":[{"start":{"line":15,"column":4},"end":{"line":17,"column":null}}]},"1":{"loc":{"start":{"line":18,"column":4},"end":{"line":20,"column":null}},"type":"if","locations":[{"start":{"line":18,"column":4},"end":{"line":20,"column":null}}]}},"s":{"0":5,"1":5,"2":4,"3":4,"4":4,"5":2,"6":2,"7":1,"8":1,"9":1,"10":0,"11":5},"f":{"0":4},"b":{"0":[1],"1":[1]}}
,"/home/luiz/Documents/Driven/Projetos/projeto19-drivenpass/src/controllers/credentials-controller.ts": {"path":"/home/luiz/Documents/Driven/Projetos/projeto19-drivenpass/src/controllers/credentials-controller.ts","statementMap":{"0":{"start":{"line":1,"column":0},"end":{"line":1,"column":64}},"1":{"start":{"line":4,"column":0},"end":{"line":4,"column":37}},"2":{"start":{"line":9,"column":19},"end":{"line":9,"column":22}},"3":{"start":{"line":10,"column":11},"end":{"line":10,"column":31}},"4":{"start":{"line":12,"column":2},"end":{"line":24,"column":null}},"5":{"start":{"line":13,"column":24},"end":{"line":13,"column":75}},"6":{"start":{"line":14,"column":4},"end":{"line":14,"column":null}},"7":{"start":{"line":17,"column":4},"end":{"line":19,"column":null}},"8":{"start":{"line":18,"column":6},"end":{"line":18,"column":58}},"9":{"start":{"line":20,"column":4},"end":{"line":22,"column":null}},"10":{"start":{"line":21,"column":6},"end":{"line":21,"column":61}},"11":{"start":{"line":23,"column":4},"end":{"line":23,"column":58}},"12":{"start":{"line":7,"column":0},"end":{"line":7,"column":7}},"13":{"start":{"line":29,"column":19},"end":{"line":29,"column":22}},"14":{"start":{"line":30,"column":43},"end":{"line":30,"column":51}},"15":{"start":{"line":32,"column":2},"end":{"line":38,"column":null}},"16":{"start":{"line":33,"column":26},"end":{"line":33,"column":105}},"17":{"start":{"line":34,"column":4},"end":{"line":34,"column":null}},"18":{"start":{"line":37,"column":4},"end":{"line":37,"column":58}},"19":{"start":{"line":27,"column":0},"end":{"line":27,"column":7}},"20":{"start":{"line":43,"column":19},"end":{"line":43,"column":22}},"21":{"start":{"line":44,"column":13},"end":{"line":44,"column":34}},"22":{"start":{"line":46,"column":2},"end":{"line":55,"column":null}},"23":{"start":{"line":47,"column":29},"end":{"line":47,"column":82}},"24":{"start":{"line":48,"column":4},"end":{"line":48,"column":null}},"25":{"start":{"line":51,"column":4},"end":{"line":53,"column":null}},"26":{"start":{"line":52,"column":6},"end":{"line":52,"column":58}},"27":{"start":{"line":54,"column":4},"end":{"line":54,"column":58}},"28":{"start":{"line":41,"column":0},"end":{"line":41,"column":7}}},"fnMap":{"0":{"name":"getCredentials","decl":{"start":{"line":7,"column":22},"end":{"line":7,"column":36}},"loc":{"start":{"line":7,"column":77},"end":{"line":25,"column":1}}},"1":{"name":"postCredential","decl":{"start":{"line":27,"column":22},"end":{"line":27,"column":36}},"loc":{"start":{"line":27,"column":77},"end":{"line":39,"column":1}}},"2":{"name":"deleteCredential","decl":{"start":{"line":41,"column":22},"end":{"line":41,"column":38}},"loc":{"start":{"line":41,"column":79},"end":{"line":56,"column":1}}}},"branchMap":{"0":{"loc":{"start":{"line":17,"column":4},"end":{"line":19,"column":null}},"type":"if","locations":[{"start":{"line":17,"column":4},"end":{"line":19,"column":null}}]},"1":{"loc":{"start":{"line":20,"column":4},"end":{"line":22,"column":null}},"type":"if","locations":[{"start":{"line":20,"column":4},"end":{"line":22,"column":null}}]},"2":{"loc":{"start":{"line":51,"column":4},"end":{"line":53,"column":null}},"type":"if","locations":[{"start":{"line":51,"column":4},"end":{"line":53,"column":null}}]}},"s":{"0":5,"1":5,"2":5,"3":5,"4":5,"5":5,"6":1,"7":4,"8":1,"9":3,"10":1,"11":2,"12":5,"13":2,"14":2,"15":2,"16":2,"17":1,"18":1,"19":5,"20":4,"21":4,"22":4,"23":4,"24":1,"25":3,"26":3,"27":0,"28":5},"f":{"0":5,"1":2,"2":4},"b":{"0":[1],"1":[1],"2":[3]}}
,"/home/luiz/Documents/Driven/Projetos/projeto19-drivenpass/src/controllers/index.ts": {"path":"/home/luiz/Documents/Driven/Projetos/projeto19-drivenpass/src/controllers/index.ts","statementMap":{"0":{"start":{"line":10,"column":0},"end":{"line":10,"column":35}},"1":{"start":{"line":11,"column":0},"end":{"line":11,"column":34}},"2":{"start":{"line":12,"column":0},"end":{"line":12,"column":41}},"3":{"start":{"line":13,"column":0},"end":{"line":13,"column":37}}},"fnMap":{},"branchMap":{},"s":{"0":5,"1":5,"2":5,"3":5},"f":{},"b":{}}
,"/home/luiz/Documents/Driven/Projetos/projeto19-drivenpass/src/controllers/networks-controller.ts": {"path":"/home/luiz/Documents/Driven/Projetos/projeto19-drivenpass/src/controllers/networks-controller.ts","statementMap":{"0":{"start":{"line":1,"column":0},"end":{"line":1,"column":58}},"1":{"start":{"line":4,"column":0},"end":{"line":4,"column":37}},"2":{"start":{"line":9,"column":19},"end":{"line":9,"column":22}},"3":{"start":{"line":10,"column":11},"end":{"line":10,"column":31}},"4":{"start":{"line":12,"column":2},"end":{"line":24,"column":null}},"5":{"start":{"line":13,"column":21},"end":{"line":13,"column":66}},"6":{"start":{"line":14,"column":4},"end":{"line":14,"column":null}},"7":{"start":{"line":17,"column":4},"end":{"line":19,"column":null}},"8":{"start":{"line":18,"column":6},"end":{"line":18,"column":58}},"9":{"start":{"line":20,"column":4},"end":{"line":22,"column":null}},"10":{"start":{"line":21,"column":6},"end":{"line":21,"column":61}},"11":{"start":{"line":23,"column":4},"end":{"line":23,"column":58}},"12":{"start":{"line":7,"column":0},"end":{"line":7,"column":7}},"13":{"start":{"line":29,"column":19},"end":{"line":29,"column":22}},"14":{"start":{"line":30,"column":37},"end":{"line":30,"column":45}},"15":{"start":{"line":32,"column":2},"end":{"line":38,"column":null}},"16":{"start":{"line":33,"column":23},"end":{"line":33,"column":90}},"17":{"start":{"line":34,"column":4},"end":{"line":34,"column":null}},"18":{"start":{"line":37,"column":4},"end":{"line":37,"column":58}},"19":{"start":{"line":27,"column":0},"end":{"line":27,"column":7}},"20":{"start":{"line":43,"column":19},"end":{"line":43,"column":22}},"21":{"start":{"line":44,"column":13},"end":{"line":44,"column":34}},"22":{"start":{"line":46,"column":2},"end":{"line":55,"column":null}},"23":{"start":{"line":47,"column":26},"end":{"line":47,"column":73}},"24":{"start":{"line":48,"column":4},"end":{"line":48,"column":null}},"25":{"start":{"line":51,"column":4},"end":{"line":53,"column":null}},"26":{"start":{"line":52,"column":6},"end":{"line":52,"column":58}},"27":{"start":{"line":54,"column":4},"end":{"line":54,"column":58}},"28":{"start":{"line":41,"column":0},"end":{"line":41,"column":7}}},"fnMap":{"0":{"name":"getNetworks","decl":{"start":{"line":7,"column":22},"end":{"line":7,"column":33}},"loc":{"start":{"line":7,"column":74},"end":{"line":25,"column":1}}},"1":{"name":"postNetwork","decl":{"start":{"line":27,"column":22},"end":{"line":27,"column":33}},"loc":{"start":{"line":27,"column":74},"end":{"line":39,"column":1}}},"2":{"name":"deleteNetwork","decl":{"start":{"line":41,"column":22},"end":{"line":41,"column":35}},"loc":{"start":{"line":41,"column":76},"end":{"line":56,"column":1}}}},"branchMap":{"0":{"loc":{"start":{"line":17,"column":4},"end":{"line":19,"column":null}},"type":"if","locations":[{"start":{"line":17,"column":4},"end":{"line":19,"column":null}}]},"1":{"loc":{"start":{"line":20,"column":4},"end":{"line":22,"column":null}},"type":"if","locations":[{"start":{"line":20,"column":4},"end":{"line":22,"column":null}}]},"2":{"loc":{"start":{"line":51,"column":4},"end":{"line":53,"column":null}},"type":"if","locations":[{"start":{"line":51,"column":4},"end":{"line":53,"column":null}}]}},"s":{"0":5,"1":5,"2":5,"3":5,"4":5,"5":5,"6":1,"7":4,"8":1,"9":3,"10":1,"11":2,"12":5,"13":1,"14":1,"15":1,"16":1,"17":1,"18":0,"19":5,"20":4,"21":4,"22":4,"23":4,"24":1,"25":3,"26":3,"27":0,"28":5},"f":{"0":5,"1":1,"2":4},"b":{"0":[1],"1":[1],"2":[3]}}
,"/home/luiz/Documents/Driven/Projetos/projeto19-drivenpass/src/controllers/users-controller.ts": {"path":"/home/luiz/Documents/Driven/Projetos/projeto19-drivenpass/src/controllers/users-controller.ts","statementMap":{"0":{"start":{"line":1,"column":0},"end":{"line":1,"column":51}},"1":{"start":{"line":3,"column":0},"end":{"line":3,"column":37}},"2":{"start":{"line":7,"column":30},"end":{"line":7,"column":38}},"3":{"start":{"line":9,"column":2},"end":{"line":21,"column":null}},"4":{"start":{"line":10,"column":17},"end":{"line":10,"column":62}},"5":{"start":{"line":11,"column":4},"end":{"line":14,"column":7}},"6":{"start":{"line":17,"column":4},"end":{"line":19,"column":null}},"7":{"start":{"line":18,"column":6},"end":{"line":18,"column":57}},"8":{"start":{"line":20,"column":4},"end":{"line":20,"column":58}},"9":{"start":{"line":5,"column":0},"end":{"line":5,"column":7}}},"fnMap":{"0":{"name":"postUser","decl":{"start":{"line":5,"column":22},"end":{"line":5,"column":30}},"loc":{"start":{"line":5,"column":58},"end":{"line":22,"column":1}}}},"branchMap":{"0":{"loc":{"start":{"line":17,"column":4},"end":{"line":19,"column":null}},"type":"if","locations":[{"start":{"line":17,"column":4},"end":{"line":19,"column":null}}]}},"s":{"0":5,"1":5,"2":4,"3":4,"4":4,"5":3,"6":1,"7":1,"8":0,"9":5},"f":{"0":4},"b":{"0":[1]}}
,"/home/luiz/Documents/Driven/Projetos/projeto19-drivenpass/src/errors/conflict-error.ts": {"path":"/home/luiz/Documents/Driven/Projetos/projeto19-drivenpass/src/errors/conflict-error.ts","statementMap":{"0":{"start":{"line":4,"column":2},"end":{"line":7,"column":4}},"1":{"start":{"line":3,"column":0},"end":{"line":3,"column":16}}},"fnMap":{"0":{"name":"conflictError","decl":{"start":{"line":3,"column":16},"end":{"line":3,"column":29}},"loc":{"start":{"line":3,"column":45},"end":{"line":8,"column":1}}}},"branchMap":{},"s":{"0":0,"1":5},"f":{"0":0},"b":{}}
,"/home/luiz/Documents/Driven/Projetos/projeto19-drivenpass/src/errors/duplicated-email-error.ts": {"path":"/home/luiz/Documents/Driven/Projetos/projeto19-drivenpass/src/errors/duplicated-email-error.ts","statementMap":{"0":{"start":{"line":4,"column":2},"end":{"line":7,"column":4}},"1":{"start":{"line":3,"column":0},"end":{"line":3,"column":16}}},"fnMap":{"0":{"name":"duplicatedEmailError","decl":{"start":{"line":3,"column":16},"end":{"line":3,"column":36}},"loc":{"start":{"line":3,"column":36},"end":{"line":8,"column":1}}}},"branchMap":{},"s":{"0":2,"1":5},"f":{"0":2},"b":{}}
,"/home/luiz/Documents/Driven/Projetos/projeto19-drivenpass/src/errors/duplicated-title-error.ts": {"path":"/home/luiz/Documents/Driven/Projetos/projeto19-drivenpass/src/errors/duplicated-title-error.ts","statementMap":{"0":{"start":{"line":4,"column":2},"end":{"line":7,"column":4}},"1":{"start":{"line":3,"column":0},"end":{"line":3,"column":16}}},"fnMap":{"0":{"name":"duplicatedTitleError","decl":{"start":{"line":3,"column":16},"end":{"line":3,"column":36}},"loc":{"start":{"line":3,"column":36},"end":{"line":8,"column":1}}}},"branchMap":{},"s":{"0":0,"1":5},"f":{"0":0},"b":{}}
,"/home/luiz/Documents/Driven/Projetos/projeto19-drivenpass/src/errors/index.ts": {"path":"/home/luiz/Documents/Driven/Projetos/projeto19-drivenpass/src/errors/index.ts","statementMap":{"0":{"start":{"line":1,"column":0},"end":{"line":1,"column":40}},"1":{"start":{"line":2,"column":0},"end":{"line":2,"column":33}},"2":{"start":{"line":3,"column":0},"end":{"line":3,"column":37}},"3":{"start":{"line":4,"column":0},"end":{"line":4,"column":38}},"4":{"start":{"line":5,"column":0},"end":{"line":5,"column":34}},"5":{"start":{"line":6,"column":0},"end":{"line":6,"column":32}},"6":{"start":{"line":7,"column":0},"end":{"line":7,"column":44}},"7":{"start":{"line":8,"column":0},"end":{"line":8,"column":37}},"8":{"start":{"line":9,"column":0},"end":{"line":9,"column":41}}},"fnMap":{},"branchMap":{},"s":{"0":5,"1":5,"2":5,"3":5,"4":5,"5":5,"6":5,"7":5,"8":5},"f":{},"b":{}}
,"/home/luiz/Documents/Driven/Projetos/projeto19-drivenpass/src/errors/invalid-credentials-error.ts": {"path":"/home/luiz/Documents/Driven/Projetos/projeto19-drivenpass/src/errors/invalid-credentials-error.ts","statementMap":{"0":{"start":{"line":4,"column":2},"end":{"line":7,"column":4}},"1":{"start":{"line":3,"column":0},"end":{"line":3,"column":16}}},"fnMap":{"0":{"name":"invalidCredentialsError","decl":{"start":{"line":3,"column":16},"end":{"line":3,"column":39}},"loc":{"start":{"line":3,"column":39},"end":{"line":8,"column":1}}}},"branchMap":{},"s":{"0":1,"1":5},"f":{"0":1},"b":{}}
,"/home/luiz/Documents/Driven/Projetos/projeto19-drivenpass/src/errors/invalid-data-error.ts": {"path":"/home/luiz/Documents/Driven/Projetos/projeto19-drivenpass/src/errors/invalid-data-error.ts","statementMap":{"0":{"start":{"line":4,"column":2},"end":{"line":8,"column":4}},"1":{"start":{"line":3,"column":0},"end":{"line":3,"column":16}}},"fnMap":{"0":{"name":"invalidDataError","decl":{"start":{"line":3,"column":16},"end":{"line":3,"column":32}},"loc":{"start":{"line":3,"column":50},"end":{"line":9,"column":1}}}},"branchMap":{},"s":{"0":5,"1":5},"f":{"0":5},"b":{}}
,"/home/luiz/Documents/Driven/Projetos/projeto19-drivenpass/src/errors/invalid-email-error.ts": {"path":"/home/luiz/Documents/Driven/Projetos/projeto19-drivenpass/src/errors/invalid-email-error.ts","statementMap":{"0":{"start":{"line":4,"column":2},"end":{"line":8,"column":4}},"1":{"start":{"line":3,"column":0},"end":{"line":3,"column":16}}},"fnMap":{"0":{"name":"invalidEmailError","decl":{"start":{"line":3,"column":16},"end":{"line":3,"column":33}},"loc":{"start":{"line":3,"column":47},"end":{"line":9,"column":1}}}},"branchMap":{},"s":{"0":1,"1":5},"f":{"0":1},"b":{}}
,"/home/luiz/Documents/Driven/Projetos/projeto19-drivenpass/src/errors/not-found-error.ts": {"path":"/home/luiz/Documents/Driven/Projetos/projeto19-drivenpass/src/errors/not-found-error.ts","statementMap":{"0":{"start":{"line":4,"column":2},"end":{"line":7,"column":4}},"1":{"start":{"line":3,"column":0},"end":{"line":3,"column":16}}},"fnMap":{"0":{"name":"notFoundError","decl":{"start":{"line":3,"column":16},"end":{"line":3,"column":29}},"loc":{"start":{"line":3,"column":29},"end":{"line":8,"column":1}}}},"branchMap":{},"s":{"0":8,"1":5},"f":{"0":8},"b":{}}
,"/home/luiz/Documents/Driven/Projetos/projeto19-drivenpass/src/errors/request-error.ts": {"path":"/home/luiz/Documents/Driven/Projetos/projeto19-drivenpass/src/errors/request-error.ts","statementMap":{"0":{"start":{"line":4,"column":2},"end":{"line":10,"column":4}},"1":{"start":{"line":3,"column":0},"end":{"line":3,"column":16}}},"fnMap":{"0":{"name":"requestError","decl":{"start":{"line":3,"column":16},"end":{"line":3,"column":28}},"loc":{"start":{"line":3,"column":63},"end":{"line":11,"column":1}}}},"branchMap":{},"s":{"0":0,"1":5},"f":{"0":0},"b":{}}
,"/home/luiz/Documents/Driven/Projetos/projeto19-drivenpass/src/errors/unauthorized-error.ts": {"path":"/home/luiz/Documents/Driven/Projetos/projeto19-drivenpass/src/errors/unauthorized-error.ts","statementMap":{"0":{"start":{"line":4,"column":2},"end":{"line":7,"column":4}},"1":{"start":{"line":3,"column":0},"end":{"line":3,"column":16}}},"fnMap":{"0":{"name":"unauthorizedError","decl":{"start":{"line":3,"column":16},"end":{"line":3,"column":33}},"loc":{"start":{"line":3,"column":33},"end":{"line":8,"column":1}}}},"branchMap":{},"s":{"0":14,"1":5},"f":{"0":14},"b":{}}
,"/home/luiz/Documents/Driven/Projetos/projeto19-drivenpass/src/middlewares/authentication.ts": {"path":"/home/luiz/Documents/Driven/Projetos/projeto19-drivenpass/src/middlewares/authentication.ts","statementMap":{"0":{"start":{"line":2,"column":0},"end":{"line":2,"column":37}},"1":{"start":{"line":3,"column":0},"end":{"line":3,"column":36}},"2":{"start":{"line":5,"column":0},"end":{"line":5,"column":45}},"3":{"start":{"line":12,"column":21},"end":{"line":12,"column":48}},"4":{"start":{"line":13,"column":2},"end":{"line":13,"column":88}},"5":{"start":{"line":13,"column":19},"end":{"line":13,"column":88}},"6":{"start":{"line":15,"column":16},"end":{"line":15,"column":40}},"7":{"start":{"line":16,"column":2},"end":{"line":16,"column":83}},"8":{"start":{"line":16,"column":14},"end":{"line":16,"column":83}},"9":{"start":{"line":18,"column":2},"end":{"line":26,"column":null}},"10":{"start":{"line":19,"column":23},"end":{"line":19,"column":78}},"11":{"start":{"line":21,"column":4},"end":{"line":21,"column":24}},"12":{"start":{"line":23,"column":4},"end":{"line":23,"column":18}},"13":{"start":{"line":25,"column":4},"end":{"line":25,"column":73}},"14":{"start":{"line":11,"column":0},"end":{"line":11,"column":7}}},"fnMap":{"0":{"name":"authenticateToken","decl":{"start":{"line":11,"column":22},"end":{"line":11,"column":39}},"loc":{"start":{"line":11,"column":100},"end":{"line":27,"column":1}}}},"branchMap":{"0":{"loc":{"start":{"line":13,"column":2},"end":{"line":13,"column":88}},"type":"if","locations":[{"start":{"line":13,"column":2},"end":{"line":13,"column":88}}]},"1":{"loc":{"start":{"line":16,"column":2},"end":{"line":16,"column":83}},"type":"if","locations":[{"start":{"line":16,"column":2},"end":{"line":16,"column":83}}]}},"s":{"0":5,"1":5,"2":5,"3":34,"4":34,"5":6,"6":28,"7":28,"8":0,"9":28,"10":28,"11":22,"12":22,"13":6,"14":5},"f":{"0":34},"b":{"0":[6],"1":[0]}}
,"/home/luiz/Documents/Driven/Projetos/projeto19-drivenpass/src/middlewares/schema-validation.ts": {"path":"/home/luiz/Documents/Driven/Projetos/projeto19-drivenpass/src/middlewares/schema-validation.ts","statementMap":{"0":{"start":{"line":1,"column":0},"end":{"line":1,"column":44}},"1":{"start":{"line":3,"column":0},"end":{"line":3,"column":37}},"2":{"start":{"line":7,"column":2},"end":{"line":7,"column":34}},"3":{"start":{"line":6,"column":0},"end":{"line":6,"column":16}},"4":{"start":{"line":11,"column":2},"end":{"line":11,"column":36}},"5":{"start":{"line":10,"column":0},"end":{"line":10,"column":16}},"6":{"start":{"line":15,"column":2},"end":{"line":25,"column":4}},"7":{"start":{"line":16,"column":22},"end":{"line":18,"column":6}},"8":{"start":{"line":20,"column":4},"end":{"line":24,"column":null}},"9":{"start":{"line":21,"column":6},"end":{"line":21,"column":13}},"10":{"start":{"line":23,"column":6},"end":{"line":23,"column":101}},"11":{"start":{"line":23,"column":88},"end":{"line":23,"column":97}}},"fnMap":{"0":{"name":"validateBody","decl":{"start":{"line":6,"column":16},"end":{"line":6,"column":28}},"loc":{"start":{"line":6,"column":55},"end":{"line":8,"column":1}}},"1":{"name":"validateParams","decl":{"start":{"line":10,"column":16},"end":{"line":10,"column":30}},"loc":{"start":{"line":10,"column":57},"end":{"line":12,"column":1}}},"2":{"name":"validate","decl":{"start":{"line":14,"column":9},"end":{"line":14,"column":17}},"loc":{"start":{"line":14,"column":63},"end":{"line":26,"column":1}}},"3":{"name":"(anonymous_4)","decl":{"start":{"line":15,"column":9},"end":{"line":15,"column":10}},"loc":{"start":{"line":15,"column":61},"end":{"line":25,"column":3}}},"4":{"name":"(anonymous_5)","decl":{"start":{"line":23,"column":81},"end":{"line":23,"column":82}},"loc":{"start":{"line":23,"column":88},"end":{"line":23,"column":97}}}},"branchMap":{"0":{"loc":{"start":{"line":20,"column":4},"end":{"line":24,"column":null}},"type":"if","locations":[{"start":{"line":20,"column":4},"end":{"line":24,"column":null}},{"start":{"line":22,"column":11},"end":{"line":24,"column":null}}]}},"s":{"0":5,"1":5,"2":20,"3":5,"4":0,"5":5,"6":20,"7":16,"8":16,"9":11,"10":5,"11":13},"f":{"0":20,"1":0,"2":20,"3":16,"4":13},"b":{"0":[11,5]}}
,"/home/luiz/Documents/Driven/Projetos/projeto19-drivenpass/src/repositories/credentials-repository.ts": {"path":"/home/luiz/Documents/Driven/Projetos/projeto19-drivenpass/src/repositories/credentials-repository.ts","statementMap":{"0":{"start":{"line":1,"column":0},"end":{"line":1,"column":34}},"1":{"start":{"line":6,"column":2},"end":{"line":10,"column":null}},"2":{"start":{"line":14,"column":2},"end":{"line":18,"column":null}},"3":{"start":{"line":22,"column":2},"end":{"line":27,"column":null}},"4":{"start":{"line":31,"column":2},"end":{"line":36,"column":null}},"5":{"start":{"line":40,"column":2},"end":{"line":48,"column":null}},"6":{"start":{"line":52,"column":2},"end":{"line":56,"column":null}},"7":{"start":{"line":59,"column":30},"end":{"line":66,"column":2}},"8":{"start":{"line":68,"column":0},"end":{"line":68,"column":37}}},"fnMap":{"0":{"name":"getCredentials","decl":{"start":{"line":5,"column":15},"end":{"line":5,"column":29}},"loc":{"start":{"line":5,"column":44},"end":{"line":11,"column":1}}},"1":{"name":"getCredentialsById","decl":{"start":{"line":13,"column":15},"end":{"line":13,"column":33}},"loc":{"start":{"line":13,"column":44},"end":{"line":19,"column":1}}},"2":{"name":"getCredentialByTitle","decl":{"start":{"line":21,"column":15},"end":{"line":21,"column":35}},"loc":{"start":{"line":21,"column":65},"end":{"line":28,"column":1}}},"3":{"name":"getCredentialByIdAndUserId","decl":{"start":{"line":30,"column":15},"end":{"line":30,"column":41}},"loc":{"start":{"line":30,"column":68},"end":{"line":37,"column":1}}},"4":{"name":"postCredential","decl":{"start":{"line":39,"column":15},"end":{"line":39,"column":29}},"loc":{"start":{"line":39,"column":107},"end":{"line":49,"column":1}}},"5":{"name":"deleteCredential","decl":{"start":{"line":51,"column":15},"end":{"line":51,"column":31}},"loc":{"start":{"line":51,"column":42},"end":{"line":57,"column":1}}}},"branchMap":{},"s":{"0":5,"1":2,"2":3,"3":2,"4":2,"5":2,"6":1,"7":5,"8":5},"f":{"0":2,"1":3,"2":2,"3":2,"4":2,"5":1},"b":{}}
,"/home/luiz/Documents/Driven/Projetos/projeto19-drivenpass/src/repositories/networks-repository.ts": {"path":"/home/luiz/Documents/Driven/Projetos/projeto19-drivenpass/src/repositories/networks-repository.ts","statementMap":{"0":{"start":{"line":1,"column":0},"end":{"line":1,"column":34}},"1":{"start":{"line":6,"column":2},"end":{"line":10,"column":null}},"2":{"start":{"line":14,"column":2},"end":{"line":18,"column":null}},"3":{"start":{"line":22,"column":2},"end":{"line":27,"column":null}},"4":{"start":{"line":31,"column":2},"end":{"line":36,"column":null}},"5":{"start":{"line":40,"column":2},"end":{"line":47,"column":null}},"6":{"start":{"line":51,"column":2},"end":{"line":55,"column":null}},"7":{"start":{"line":58,"column":27},"end":{"line":65,"column":2}},"8":{"start":{"line":67,"column":0},"end":{"line":67,"column":34}}},"fnMap":{"0":{"name":"getNetworks","decl":{"start":{"line":5,"column":15},"end":{"line":5,"column":26}},"loc":{"start":{"line":5,"column":41},"end":{"line":11,"column":1}}},"1":{"name":"getNetworksById","decl":{"start":{"line":13,"column":15},"end":{"line":13,"column":30}},"loc":{"start":{"line":13,"column":41},"end":{"line":19,"column":1}}},"2":{"name":"getNetworkByTitle","decl":{"start":{"line":21,"column":15},"end":{"line":21,"column":32}},"loc":{"start":{"line":21,"column":62},"end":{"line":28,"column":1}}},"3":{"name":"getNetworkByIdAndUserId","decl":{"start":{"line":30,"column":15},"end":{"line":30,"column":38}},"loc":{"start":{"line":30,"column":65},"end":{"line":37,"column":1}}},"4":{"name":"postNetwork","decl":{"start":{"line":39,"column":15},"end":{"line":39,"column":26}},"loc":{"start":{"line":39,"column":90},"end":{"line":48,"column":1}}},"5":{"name":"deleteNetwork","decl":{"start":{"line":50,"column":15},"end":{"line":50,"column":28}},"loc":{"start":{"line":50,"column":39},"end":{"line":56,"column":1}}}},"branchMap":{},"s":{"0":5,"1":2,"2":3,"3":1,"4":2,"5":1,"6":1,"7":5,"8":5},"f":{"0":2,"1":3,"2":1,"3":2,"4":1,"5":1},"b":{}}
,"/home/luiz/Documents/Driven/Projetos/projeto19-drivenpass/src/repositories/user-repository.ts": {"path":"/home/luiz/Documents/Driven/Projetos/projeto19-drivenpass/src/repositories/user-repository.ts","statementMap":{"0":{"start":{"line":1,"column":0},"end":{"line":1,"column":34}},"1":{"start":{"line":6,"column":2},"end":{"line":11,"column":5}},"2":{"start":{"line":15,"column":2},"end":{"line":19,"column":null}},"3":{"start":{"line":22,"column":23},"end":{"line":25,"column":2}},"4":{"start":{"line":27,"column":0},"end":{"line":27,"column":30}}},"fnMap":{"0":{"name":"createUser","decl":{"start":{"line":5,"column":15},"end":{"line":5,"column":25}},"loc":{"start":{"line":5,"column":57},"end":{"line":12,"column":1}}},"1":{"name":"findUser","decl":{"start":{"line":14,"column":15},"end":{"line":14,"column":23}},"loc":{"start":{"line":14,"column":36},"end":{"line":20,"column":1}}}},"branchMap":{},"s":{"0":5,"1":3,"2":8,"3":5,"4":5},"f":{"0":3,"1":8},"b":{}}
,"/home/luiz/Documents/Driven/Projetos/projeto19-drivenpass/src/routers/auth-router.ts": {"path":"/home/luiz/Documents/Driven/Projetos/projeto19-drivenpass/src/routers/auth-router.ts","statementMap":{"0":{"start":{"line":1,"column":0},"end":{"line":1,"column":33}},"1":{"start":{"line":2,"column":0},"end":{"line":2,"column":63}},"2":{"start":{"line":3,"column":0},"end":{"line":3,"column":53}},"3":{"start":{"line":4,"column":0},"end":{"line":4,"column":39}},"4":{"start":{"line":6,"column":19},"end":{"line":6,"column":27}},"5":{"start":{"line":10,"column":9},"end":{"line":10,"column":19}},"6":{"start":{"line":8,"column":0},"end":{"line":8,"column":null}}},"fnMap":{},"branchMap":{},"s":{"0":5,"1":5,"2":5,"3":5,"4":5,"5":5,"6":5},"f":{},"b":{}}
,"/home/luiz/Documents/Driven/Projetos/projeto19-drivenpass/src/routers/credentials-router.ts": {"path":"/home/luiz/Documents/Driven/Projetos/projeto19-drivenpass/src/routers/credentials-router.ts","statementMap":{"0":{"start":{"line":1,"column":0},"end":{"line":1,"column":33}},"1":{"start":{"line":2,"column":0},"end":{"line":2,"column":63}},"2":{"start":{"line":3,"column":0},"end":{"line":3,"column":63}},"3":{"start":{"line":4,"column":0},"end":{"line":4,"column":65}},"4":{"start":{"line":5,"column":0},"end":{"line":5,"column":81}},"5":{"start":{"line":7,"column":26},"end":{"line":7,"column":34}},"6":{"start":{"line":15,"column":9},"end":{"line":15,"column":26}},"7":{"start":{"line":9,"column":0},"end":{"line":13,"column":null}}},"fnMap":{},"branchMap":{},"s":{"0":5,"1":5,"2":5,"3":5,"4":5,"5":5,"6":5,"7":5},"f":{},"b":{}}
,"/home/luiz/Documents/Driven/Projetos/projeto19-drivenpass/src/routers/index.ts": {"path":"/home/luiz/Documents/Driven/Projetos/projeto19-drivenpass/src/routers/index.ts","statementMap":{"0":{"start":{"line":1,"column":0},"end":{"line":1,"column":31}},"1":{"start":{"line":2,"column":0},"end":{"line":2,"column":30}},"2":{"start":{"line":3,"column":0},"end":{"line":3,"column":37}},"3":{"start":{"line":4,"column":0},"end":{"line":4,"column":34}}},"fnMap":{},"branchMap":{},"s":{"0":5,"1":5,"2":5,"3":5},"f":{},"b":{}}
,"/home/luiz/Documents/Driven/Projetos/projeto19-drivenpass/src/routers/networks-router.ts": {"path":"/home/luiz/Documents/Driven/Projetos/projeto19-drivenpass/src/routers/networks-router.ts","statementMap":{"0":{"start":{"line":1,"column":0},"end":{"line":1,"column":33}},"1":{"start":{"line":2,"column":0},"end":{"line":2,"column":63}},"2":{"start":{"line":3,"column":0},"end":{"line":3,"column":60}},"3":{"start":{"line":4,"column":0},"end":{"line":4,"column":65}},"4":{"start":{"line":5,"column":0},"end":{"line":5,"column":72}},"5":{"start":{"line":7,"column":23},"end":{"line":7,"column":31}},"6":{"start":{"line":15,"column":9},"end":{"line":15,"column":23}},"7":{"start":{"line":9,"column":0},"end":{"line":13,"column":null}}},"fnMap":{},"branchMap":{},"s":{"0":5,"1":5,"2":5,"3":5,"4":5,"5":5,"6":5,"7":5},"f":{},"b":{}}
,"/home/luiz/Documents/Driven/Projetos/projeto19-drivenpass/src/routers/users-router.ts": {"path":"/home/luiz/Documents/Driven/Projetos/projeto19-drivenpass/src/routers/users-router.ts","statementMap":{"0":{"start":{"line":1,"column":0},"end":{"line":1,"column":33}},"1":{"start":{"line":2,"column":0},"end":{"line":2,"column":63}},"2":{"start":{"line":3,"column":0},"end":{"line":3,"column":57}},"3":{"start":{"line":4,"column":0},"end":{"line":4,"column":41}},"4":{"start":{"line":6,"column":20},"end":{"line":6,"column":28}},"5":{"start":{"line":11,"column":9},"end":{"line":11,"column":20}},"6":{"start":{"line":9,"column":0},"end":{"line":9,"column":null}}},"fnMap":{},"branchMap":{},"s":{"0":5,"1":5,"2":5,"3":5,"4":5,"5":5,"6":5},"f":{},"b":{}}
,"/home/luiz/Documents/Driven/Projetos/projeto19-drivenpass/src/schemas/user-schema.ts": {"path":"/home/luiz/Documents/Driven/Projetos/projeto19-drivenpass/src/schemas/user-schema.ts","statementMap":{"0":{"start":{"line":4,"column":0},"end":{"line":4,"column":22}},"1":{"start":{"line":6,"column":13},"end":{"line":9,"column":3}},"2":{"start":{"line":11,"column":13},"end":{"line":14,"column":3}},"3":{"start":{"line":16,"column":13},"end":{"line":21,"column":3}},"4":{"start":{"line":23,"column":13},"end":{"line":27,"column":3}}},"fnMap":{},"branchMap":{},"s":{"0":5,"1":5,"2":5,"3":5,"4":5},"f":{},"b":{}}
,"/home/luiz/Documents/Driven/Projetos/projeto19-drivenpass/src/services/auth-service.ts": {"path":"/home/luiz/Documents/Driven/Projetos/projeto19-drivenpass/src/services/auth-service.ts","statementMap":{"0":{"start":{"line":1,"column":0},"end":{"line":1,"column":60}},"1":{"start":{"line":3,"column":0},"end":{"line":3,"column":70}},"2":{"start":{"line":4,"column":0},"end":{"line":4,"column":31}},"3":{"start":{"line":5,"column":0},"end":{"line":5,"column":28}},"4":{"start":{"line":9,"column":23},"end":{"line":9,"column":59}},"5":{"start":{"line":11,"column":2},"end":{"line":13,"column":null}},"6":{"start":{"line":12,"column":4},"end":{"line":12,"column":null}},"7":{"start":{"line":15,"column":24},"end":{"line":15,"column":77}},"8":{"start":{"line":17,"column":2},"end":{"line":19,"column":null}},"9":{"start":{"line":18,"column":4},"end":{"line":18,"column":null}},"10":{"start":{"line":21,"column":17},"end":{"line":21,"column":32}},"11":{"start":{"line":23,"column":16},"end":{"line":23,"column":60}},"12":{"start":{"line":25,"column":2},"end":{"line":25,"column":null}},"13":{"start":{"line":7,"column":0},"end":{"line":7,"column":7}},"14":{"start":{"line":28,"column":29},"end":{"line":30,"column":2}},"15":{"start":{"line":32,"column":0},"end":{"line":32,"column":36}}},"fnMap":{"0":{"name":"signIn","decl":{"start":{"line":7,"column":22},"end":{"line":7,"column":28}},"loc":{"start":{"line":7,"column":60},"end":{"line":26,"column":1}}}},"branchMap":{"0":{"loc":{"start":{"line":11,"column":2},"end":{"line":13,"column":null}},"type":"if","locations":[{"start":{"line":11,"column":2},"end":{"line":13,"column":null}}]},"1":{"loc":{"start":{"line":17,"column":2},"end":{"line":19,"column":null}},"type":"if","locations":[{"start":{"line":17,"column":2},"end":{"line":19,"column":null}}]}},"s":{"0":5,"1":5,"2":5,"3":5,"4":4,"5":4,"6":1,"7":3,"8":3,"9":1,"10":2,"11":2,"12":2,"13":5,"14":5,"15":5},"f":{"0":4},"b":{"0":[1],"1":[1]}}
,"/home/luiz/Documents/Driven/Projetos/projeto19-drivenpass/src/services/credentials-service.ts": {"path":"/home/luiz/Documents/Driven/Projetos/projeto19-drivenpass/src/services/credentials-service.ts","statementMap":{"0":{"start":{"line":3,"column":0},"end":{"line":3,"column":74}},"1":{"start":{"line":4,"column":0},"end":{"line":4,"column":82}},"2":{"start":{"line":6,"column":15},"end":{"line":6,"column":32}},"3":{"start":{"line":7,"column":15},"end":{"line":7,"column":38}},"4":{"start":{"line":11,"column":2},"end":{"line":23,"column":null}},"5":{"start":{"line":12,"column":24},"end":{"line":12,"column":74}},"6":{"start":{"line":15,"column":33},"end":{"line":19,"column":6}},"7":{"start":{"line":16,"column":30},"end":{"line":16,"column":59}},"8":{"start":{"line":17,"column":6},"end":{"line":17,"column":null}},"9":{"start":{"line":18,"column":6},"end":{"line":18,"column":null}},"10":{"start":{"line":22,"column":4},"end":{"line":22,"column":null}},"11":{"start":{"line":25,"column":21},"end":{"line":25,"column":71}},"12":{"start":{"line":27,"column":2},"end":{"line":29,"column":null}},"13":{"start":{"line":28,"column":4},"end":{"line":28,"column":null}},"14":{"start":{"line":31,"column":2},"end":{"line":33,"column":null}},"15":{"start":{"line":32,"column":4},"end":{"line":32,"column":null}},"16":{"start":{"line":35,"column":28},"end":{"line":35,"column":63}},"17":{"start":{"line":36,"column":30},"end":{"line":36,"column":74}},"18":{"start":{"line":38,"column":2},"end":{"line":38,"column":null}},"19":{"start":{"line":43,"column":28},"end":{"line":43,"column":52}},"20":{"start":{"line":45,"column":29},"end":{"line":45,"column":92}},"21":{"start":{"line":47,"column":2},"end":{"line":49,"column":null}},"22":{"start":{"line":48,"column":4},"end":{"line":48,"column":null}},"23":{"start":{"line":51,"column":28},"end":{"line":51,"column":119}},"24":{"start":{"line":52,"column":2},"end":{"line":52,"column":null}},"25":{"start":{"line":57,"column":2},"end":{"line":59,"column":null}},"26":{"start":{"line":58,"column":4},"end":{"line":58,"column":null}},"27":{"start":{"line":63,"column":29},"end":{"line":63,"column":95}},"28":{"start":{"line":65,"column":2},"end":{"line":67,"column":null}},"29":{"start":{"line":66,"column":4},"end":{"line":66,"column":null}},"30":{"start":{"line":69,"column":28},"end":{"line":69,"column":76}},"31":{"start":{"line":71,"column":2},"end":{"line":71,"column":null}},"32":{"start":{"line":74,"column":27},"end":{"line":78,"column":2}},"33":{"start":{"line":81,"column":0},"end":{"line":81,"column":34}}},"fnMap":{"0":{"name":"getCredentials","decl":{"start":{"line":9,"column":15},"end":{"line":9,"column":29}},"loc":{"start":{"line":9,"column":56},"end":{"line":39,"column":1}}},"1":{"name":"(anonymous_2)","decl":{"start":{"line":15,"column":49},"end":{"line":15,"column":53}},"loc":{"start":{"line":15,"column":55},"end":{"line":19,"column":5}}},"2":{"name":"postCredential","decl":{"start":{"line":41,"column":15},"end":{"line":41,"column":29}},"loc":{"start":{"line":41,"column":107},"end":{"line":53,"column":1}}},"3":{"name":"deleteCredential","decl":{"start":{"line":55,"column":15},"end":{"line":55,"column":31}},"loc":{"start":{"line":55,"column":58},"end":{"line":72,"column":1}}}},"branchMap":{"0":{"loc":{"start":{"line":11,"column":2},"end":{"line":23,"column":null}},"type":"if","locations":[{"start":{"line":11,"column":2},"end":{"line":23,"column":null}}]},"1":{"loc":{"start":{"line":27,"column":2},"end":{"line":29,"column":null}},"type":"if","locations":[{"start":{"line":27,"column":2},"end":{"line":29,"column":null}}]},"2":{"loc":{"start":{"line":31,"column":2},"end":{"line":33,"column":null}},"type":"if","locations":[{"start":{"line":31,"column":2},"end":{"line":33,"column":null}}]},"3":{"loc":{"start":{"line":47,"column":2},"end":{"line":49,"column":null}},"type":"if","locations":[{"start":{"line":47,"column":2},"end":{"line":49,"column":null}}]},"4":{"loc":{"start":{"line":57,"column":2},"end":{"line":59,"column":null}},"type":"if","locations":[{"start":{"line":57,"column":2},"end":{"line":59,"column":null}}]},"5":{"loc":{"start":{"line":65,"column":2},"end":{"line":67,"column":null}},"type":"if","locations":[{"start":{"line":65,"column":2},"end":{"line":67,"column":null}}]}},"s":{"0":5,"1":5,"2":5,"3":5,"4":5,"5":2,"6":2,"7":1,"8":0,"9":0,"10":1,"11":3,"12":3,"13":1,"14":2,"15":1,"16":1,"17":0,"18":0,"19":2,"20":2,"21":2,"22":0,"23":2,"24":1,"25":4,"26":2,"27":2,"28":2,"29":1,"30":1,"31":1,"32":5,"33":5},"f":{"0":5,"1":1,"2":2,"3":4},"b":{"0":[2],"1":[1],"2":[1],"3":[0],"4":[2],"5":[1]}}
,"/home/luiz/Documents/Driven/Projetos/projeto19-drivenpass/src/services/networks-service.ts": {"path":"/home/luiz/Documents/Driven/Projetos/projeto19-drivenpass/src/services/networks-service.ts","statementMap":{"0":{"start":{"line":1,"column":0},"end":{"line":1,"column":68}},"1":{"start":{"line":4,"column":0},"end":{"line":4,"column":82}},"2":{"start":{"line":6,"column":15},"end":{"line":6,"column":32}},"3":{"start":{"line":7,"column":15},"end":{"line":7,"column":38}},"4":{"start":{"line":11,"column":2},"end":{"line":21,"column":null}},"5":{"start":{"line":12,"column":21},"end":{"line":12,"column":65}},"6":{"start":{"line":14,"column":30},"end":{"line":18,"column":6}},"7":{"start":{"line":15,"column":30},"end":{"line":15,"column":58}},"8":{"start":{"line":16,"column":6},"end":{"line":16,"column":null}},"9":{"start":{"line":17,"column":6},"end":{"line":17,"column":null}},"10":{"start":{"line":20,"column":4},"end":{"line":20,"column":null}},"11":{"start":{"line":23,"column":18},"end":{"line":23,"column":62}},"12":{"start":{"line":25,"column":2},"end":{"line":27,"column":null}},"13":{"start":{"line":26,"column":4},"end":{"line":26,"column":null}},"14":{"start":{"line":29,"column":2},"end":{"line":31,"column":null}},"15":{"start":{"line":30,"column":4},"end":{"line":30,"column":null}},"16":{"start":{"line":33,"column":28},"end":{"line":33,"column":60}},"17":{"start":{"line":34,"column":27},"end":{"line":34,"column":68}},"18":{"start":{"line":36,"column":2},"end":{"line":36,"column":null}},"19":{"start":{"line":41,"column":28},"end":{"line":41,"column":52}},"20":{"start":{"line":43,"column":26},"end":{"line":43,"column":83}},"21":{"start":{"line":45,"column":2},"end":{"line":47,"column":null}},"22":{"start":{"line":46,"column":4},"end":{"line":46,"column":null}},"23":{"start":{"line":49,"column":25},"end":{"line":49,"column":104}},"24":{"start":{"line":50,"column":2},"end":{"line":50,"column":null}},"25":{"start":{"line":55,"column":2},"end":{"line":57,"column":null}},"26":{"start":{"line":56,"column":4},"end":{"line":56,"column":null}},"27":{"start":{"line":59,"column":26},"end":{"line":59,"column":86}},"28":{"start":{"line":61,"column":2},"end":{"line":63,"column":null}},"29":{"start":{"line":62,"column":4},"end":{"line":62,"column":null}},"30":{"start":{"line":65,"column":25},"end":{"line":65,"column":67}},"31":{"start":{"line":67,"column":2},"end":{"line":67,"column":null}},"32":{"start":{"line":70,"column":24},"end":{"line":74,"column":2}},"33":{"start":{"line":77,"column":0},"end":{"line":77,"column":31}}},"fnMap":{"0":{"name":"getNetworks","decl":{"start":{"line":9,"column":15},"end":{"line":9,"column":26}},"loc":{"start":{"line":9,"column":53},"end":{"line":37,"column":1}}},"1":{"name":"(anonymous_2)","decl":{"start":{"line":14,"column":43},"end":{"line":14,"column":46}},"loc":{"start":{"line":14,"column":48},"end":{"line":18,"column":5}}},"2":{"name":"postNetwork","decl":{"start":{"line":39,"column":15},"end":{"line":39,"column":26}},"loc":{"start":{"line":39,"column":90},"end":{"line":51,"column":1}}},"3":{"name":"deleteNetwork","decl":{"start":{"line":53,"column":15},"end":{"line":53,"column":28}},"loc":{"start":{"line":53,"column":55},"end":{"line":68,"column":1}}}},"branchMap":{"0":{"loc":{"start":{"line":11,"column":2},"end":{"line":21,"column":null}},"type":"if","locations":[{"start":{"line":11,"column":2},"end":{"line":21,"column":null}}]},"1":{"loc":{"start":{"line":25,"column":2},"end":{"line":27,"column":null}},"type":"if","locations":[{"start":{"line":25,"column":2},"end":{"line":27,"column":null}}]},"2":{"loc":{"start":{"line":29,"column":2},"end":{"line":31,"column":null}},"type":"if","locations":[{"start":{"line":29,"column":2},"end":{"line":31,"column":null}}]},"3":{"loc":{"start":{"line":45,"column":2},"end":{"line":47,"column":null}},"type":"if","locations":[{"start":{"line":45,"column":2},"end":{"line":47,"column":null}}]},"4":{"loc":{"start":{"line":55,"column":2},"end":{"line":57,"column":null}},"type":"if","locations":[{"start":{"line":55,"column":2},"end":{"line":57,"column":null}}]},"5":{"loc":{"start":{"line":61,"column":2},"end":{"line":63,"column":null}},"type":"if","locations":[{"start":{"line":61,"column":2},"end":{"line":63,"column":null}}]}},"s":{"0":5,"1":5,"2":5,"3":5,"4":5,"5":2,"6":2,"7":1,"8":0,"9":0,"10":1,"11":3,"12":3,"13":1,"14":2,"15":1,"16":1,"17":0,"18":0,"19":1,"20":1,"21":1,"22":0,"23":1,"24":1,"25":4,"26":2,"27":2,"28":2,"29":1,"30":1,"31":1,"32":5,"33":5},"f":{"0":5,"1":1,"2":1,"3":4},"b":{"0":[2],"1":[1],"2":[1],"3":[0],"4":[2],"5":[1]}}
,"/home/luiz/Documents/Driven/Projetos/projeto19-drivenpass/src/services/users-service.ts": {"path":"/home/luiz/Documents/Driven/Projetos/projeto19-drivenpass/src/services/users-service.ts","statementMap":{"0":{"start":{"line":1,"column":0},"end":{"line":1,"column":60}},"1":{"start":{"line":3,"column":0},"end":{"line":3,"column":48}},"2":{"start":{"line":4,"column":0},"end":{"line":4,"column":28}},"3":{"start":{"line":8,"column":30},"end":{"line":8,"column":66}},"4":{"start":{"line":10,"column":2},"end":{"line":12,"column":null}},"5":{"start":{"line":11,"column":4},"end":{"line":11,"column":null}},"6":{"start":{"line":14,"column":25},"end":{"line":14,"column":56}},"7":{"start":{"line":16,"column":22},"end":{"line":16,"column":76}},"8":{"start":{"line":17,"column":2},"end":{"line":17,"column":null}},"9":{"start":{"line":20,"column":20},"end":{"line":22,"column":2}},"10":{"start":{"line":26,"column":0},"end":{"line":26,"column":27}}},"fnMap":{"0":{"name":"createUser","decl":{"start":{"line":6,"column":15},"end":{"line":6,"column":25}},"loc":{"start":{"line":6,"column":57},"end":{"line":18,"column":1}}}},"branchMap":{"0":{"loc":{"start":{"line":10,"column":2},"end":{"line":12,"column":null}},"type":"if","locations":[{"start":{"line":10,"column":2},"end":{"line":12,"column":null}}]}},"s":{"0":5,"1":5,"2":5,"3":4,"4":4,"5":1,"6":3,"7":3,"8":3,"9":5,"10":5},"f":{"0":4},"b":{"0":[1]}}
,"/home/luiz/Documents/Driven/Projetos/projeto19-drivenpass/tests/helpers.ts": {"path":"/home/luiz/Documents/Driven/Projetos/projeto19-drivenpass/tests/helpers.ts","statementMap":{"0":{"start":{"line":1,"column":0},"end":{"line":1,"column":36}},"1":{"start":{"line":3,"column":0},"end":{"line":3,"column":34}},"2":{"start":{"line":6,"column":2},"end":{"line":6,"column":41}},"3":{"start":{"line":7,"column":2},"end":{"line":7,"column":38}},"4":{"start":{"line":8,"column":2},"end":{"line":8,"column":35}},"5":{"start":{"line":5,"column":0},"end":{"line":5,"column":7}},"6":{"start":{"line":12,"column":16},"end":{"line":12,"column":69}},"7":{"start":{"line":13,"column":2},"end":{"line":13,"column":15}},"8":{"start":{"line":11,"column":0},"end":{"line":11,"column":7}}},"fnMap":{"0":{"name":"cleanDb","decl":{"start":{"line":5,"column":22},"end":{"line":5,"column":29}},"loc":{"start":{"line":5,"column":29},"end":{"line":9,"column":1}}},"1":{"name":"generateValidToken","decl":{"start":{"line":11,"column":22},"end":{"line":11,"column":40}},"loc":{"start":{"line":11,"column":51},"end":{"line":14,"column":1}}}},"branchMap":{},"s":{"0":4,"1":4,"2":38,"3":38,"4":38,"5":4,"6":22,"7":22,"8":4},"f":{"0":38,"1":22},"b":{}}
,"/home/luiz/Documents/Driven/Projetos/projeto19-drivenpass/tests/factories/index.ts": {"path":"/home/luiz/Documents/Driven/Projetos/projeto19-drivenpass/tests/factories/index.ts","statementMap":{"0":{"start":{"line":1,"column":0},"end":{"line":1,"column":32}}},"fnMap":{},"branchMap":{},"s":{"0":4},"f":{},"b":{}}
,"/home/luiz/Documents/Driven/Projetos/projeto19-drivenpass/tests/factories/users-factory.ts": {"path":"/home/luiz/Documents/Driven/Projetos/projeto19-drivenpass/tests/factories/users-factory.ts","statementMap":{"0":{"start":{"line":1,"column":0},"end":{"line":1,"column":28}},"1":{"start":{"line":2,"column":0},"end":{"line":2,"column":36}},"2":{"start":{"line":4,"column":0},"end":{"line":4,"column":34}},"3":{"start":{"line":7,"column":27},"end":{"line":7,"column":73}},"4":{"start":{"line":8,"column":25},"end":{"line":8,"column":64}},"5":{"start":{"line":10,"column":2},"end":{"line":15,"column":5}},"6":{"start":{"line":6,"column":0},"end":{"line":6,"column":7}},"7":{"start":{"line":20,"column":2},"end":{"line":28,"column":5}},"8":{"start":{"line":18,"column":0},"end":{"line":18,"column":7}},"9":{"start":{"line":33,"column":2},"end":{"line":40,"column":5}},"10":{"start":{"line":31,"column":0},"end":{"line":31,"column":7}}},"fnMap":{"0":{"name":"createUser","decl":{"start":{"line":6,"column":22},"end":{"line":6,"column":32}},"loc":{"start":{"line":6,"column":59},"end":{"line":16,"column":1}}},"1":{"name":"createCredential","decl":{"start":{"line":18,"column":22},"end":{"line":18,"column":38}},"loc":{"start":{"line":18,"column":52},"end":{"line":29,"column":1}}},"2":{"name":"createNetwork","decl":{"start":{"line":31,"column":22},"end":{"line":31,"column":35}},"loc":{"start":{"line":31,"column":49},"end":{"line":41,"column":1}}}},"branchMap":{"0":{"loc":{"start":{"line":6,"column":33},"end":{"line":6,"column":59}},"type":"default-arg","locations":[{"start":{"line":6,"column":57},"end":{"line":6,"column":59}}]},"1":{"loc":{"start":{"line":7,"column":27},"end":{"line":7,"column":73}},"type":"binary-expr","locations":[{"start":{"line":7,"column":27},"end":{"line":7,"column":42}},{"start":{"line":7,"column":46},"end":{"line":7,"column":73}}]},"2":{"loc":{"start":{"line":12,"column":13},"end":{"line":12,"column":51}},"type":"binary-expr","locations":[{"start":{"line":12,"column":13},"end":{"line":12,"column":25}},{"start":{"line":12,"column":29},"end":{"line":12,"column":51}}]}},"s":{"0":4,"1":4,"2":4,"3":30,"4":30,"5":30,"6":4,"7":8,"8":4,"9":8,"10":4},"f":{"0":30,"1":8,"2":8},"b":{"0":[0],"1":[30,0],"2":[30,0]}}
}
