TN:
SF:src/app.ts
FN:21,(anonymous_1)
FN:28,init
FN:33,close
FNF:3
FNH:2
FNDA:1,(anonymous_1)
FNDA:5,init
FNDA:0,close
DA:1,5
DA:2,5
DA:3,5
DA:4,5
DA:6,5
DA:8,5
DA:10,5
DA:17,5
DA:18,5
DA:21,1
DA:28,5
DA:29,5
DA:30,5
DA:33,5
DA:34,0
DA:37,5
LF:16
LH:15
BRF:0
BRH:0
end_of_record
TN:
SF:src/config/database.ts
FN:4,connectDb
FN:8,disconnectDB
FNF:2
FNH:1
FNDA:5,connectDb
FNDA:0,disconnectDB
DA:1,5
DA:4,5
DA:5,5
DA:8,5
DA:9,0
LF:5
LH:4
BRF:0
BRH:0
end_of_record
TN:
SF:src/config/envs.ts
FN:4,loadEnv
FNF:1
FNH:1
FNDA:10,loadEnv
DA:1,5
DA:2,5
DA:4,5
DA:6,10
DA:12,10
DA:13,10
LF:6
LH:6
BRDA:6,0,0,10
BRDA:6,0,1,0
BRDA:8,1,0,0
BRDA:8,1,1,0
BRF:4
BRH:1
end_of_record
TN:
SF:src/config/index.ts
FNF:0
FNH:0
DA:1,5
DA:2,5
LF:2
LH:2
BRF:0
BRH:0
end_of_record
TN:
SF:src/controllers/auth-controller.ts
FN:5,signIn
FNF:1
FNH:1
FNDA:4,signIn
DA:1,5
DA:3,5
DA:5,5
DA:7,4
DA:9,4
DA:10,4
DA:11,2
DA:15,2
DA:16,1
DA:18,1
DA:19,1
DA:21,0
LF:12
LH:11
BRDA:15,0,0,1
BRDA:18,1,0,1
BRF:2
BRH:2
end_of_record
TN:
SF:src/controllers/credentials-controller.ts
FN:7,getCredentials
FN:27,postCredential
FN:41,deleteCredential
FNF:3
FNH:3
FNDA:5,getCredentials
FNDA:2,postCredential
FNDA:4,deleteCredential
DA:1,5
DA:4,5
DA:7,5
DA:9,5
DA:10,5
DA:12,5
DA:13,5
DA:14,1
DA:17,4
DA:18,1
DA:20,3
DA:21,1
DA:23,2
DA:27,5
DA:29,2
DA:30,2
DA:32,2
DA:33,2
DA:34,1
DA:37,1
DA:41,5
DA:43,4
DA:44,4
DA:46,4
DA:47,4
DA:48,1
DA:51,3
DA:52,3
DA:54,0
LF:29
LH:28
BRDA:17,0,0,1
BRDA:20,1,0,1
BRDA:51,2,0,3
BRF:3
BRH:3
end_of_record
TN:
SF:src/controllers/index.ts
FNF:0
FNH:0
DA:10,5
DA:11,5
DA:12,5
DA:13,5
LF:4
LH:4
BRF:0
BRH:0
end_of_record
TN:
SF:src/controllers/networks-controller.ts
FN:7,getNetworks
FN:27,postNetwork
FN:41,deleteNetwork
FNF:3
FNH:3
FNDA:5,getNetworks
FNDA:1,postNetwork
FNDA:4,deleteNetwork
DA:1,5
DA:4,5
DA:7,5
DA:9,5
DA:10,5
DA:12,5
DA:13,5
DA:14,1
DA:17,4
DA:18,1
DA:20,3
DA:21,1
DA:23,2
DA:27,5
DA:29,1
DA:30,1
DA:32,1
DA:33,1
DA:34,1
DA:37,0
DA:41,5
DA:43,4
DA:44,4
DA:46,4
DA:47,4
DA:48,1
DA:51,3
DA:52,3
DA:54,0
LF:29
LH:27
BRDA:17,0,0,1
BRDA:20,1,0,1
BRDA:51,2,0,3
BRF:3
BRH:3
end_of_record
TN:
SF:src/controllers/users-controller.ts
FN:5,postUser
FNF:1
FNH:1
FNDA:4,postUser
DA:1,5
DA:3,5
DA:5,5
DA:7,4
DA:9,4
DA:10,4
DA:11,3
DA:17,1
DA:18,1
DA:20,0
LF:10
LH:9
BRDA:17,0,0,1
BRF:1
BRH:1
end_of_record
TN:
SF:src/errors/conflict-error.ts
FN:3,conflictError
FNF:1
FNH:0
FNDA:0,conflictError
DA:3,5
DA:4,0
LF:2
LH:1
BRF:0
BRH:0
end_of_record
TN:
SF:src/errors/duplicated-email-error.ts
FN:3,duplicatedEmailError
FNF:1
FNH:1
FNDA:2,duplicatedEmailError
DA:3,5
DA:4,2
LF:2
LH:2
BRF:0
BRH:0
end_of_record
TN:
SF:src/errors/duplicated-title-error.ts
FN:3,duplicatedTitleError
FNF:1
FNH:0
FNDA:0,duplicatedTitleError
DA:3,5
DA:4,0
LF:2
LH:1
BRF:0
BRH:0
end_of_record
TN:
SF:src/errors/index.ts
FNF:0
FNH:0
DA:1,5
DA:2,5
DA:3,5
DA:4,5
DA:5,5
DA:6,5
DA:7,5
DA:8,5
DA:9,5
LF:9
LH:9
BRF:0
BRH:0
end_of_record
TN:
SF:src/errors/invalid-credentials-error.ts
FN:3,invalidCredentialsError
FNF:1
FNH:1
FNDA:1,invalidCredentialsError
DA:3,5
DA:4,1
LF:2
LH:2
BRF:0
BRH:0
end_of_record
TN:
SF:src/errors/invalid-data-error.ts
FN:3,invalidDataError
FNF:1
FNH:1
FNDA:5,invalidDataError
DA:3,5
DA:4,5
LF:2
LH:2
BRF:0
BRH:0
end_of_record
TN:
SF:src/errors/invalid-email-error.ts
FN:3,invalidEmailError
FNF:1
FNH:1
FNDA:1,invalidEmailError
DA:3,5
DA:4,1
LF:2
LH:2
BRF:0
BRH:0
end_of_record
TN:
SF:src/errors/not-found-error.ts
FN:3,notFoundError
FNF:1
FNH:1
FNDA:8,notFoundError
DA:3,5
DA:4,8
LF:2
LH:2
BRF:0
BRH:0
end_of_record
TN:
SF:src/errors/request-error.ts
FN:3,requestError
FNF:1
FNH:0
FNDA:0,requestError
DA:3,5
DA:4,0
LF:2
LH:1
BRF:0
BRH:0
end_of_record
TN:
SF:src/errors/unauthorized-error.ts
FN:3,unauthorizedError
FNF:1
FNH:1
FNDA:14,unauthorizedError
DA:3,5
DA:4,14
LF:2
LH:2
BRF:0
BRH:0
end_of_record
TN:
SF:src/middlewares/authentication.ts
FN:11,authenticateToken
FNF:1
FNH:1
FNDA:34,authenticateToken
DA:2,5
DA:3,5
DA:5,5
DA:11,5
DA:12,34
DA:13,34
DA:15,28
DA:16,28
DA:18,28
DA:19,28
DA:21,22
DA:23,22
DA:25,6
LF:13
LH:13
BRDA:13,0,0,6
BRDA:16,1,0,0
BRF:2
BRH:1
end_of_record
TN:
SF:src/middlewares/schema-validation.ts
FN:6,validateBody
FN:10,validateParams
FN:14,validate
FN:15,(anonymous_4)
FN:23,(anonymous_5)
FNF:5
FNH:4
FNDA:20,validateBody
FNDA:0,validateParams
FNDA:20,validate
FNDA:16,(anonymous_4)
FNDA:13,(anonymous_5)
DA:1,5
DA:3,5
DA:6,5
DA:7,20
DA:10,5
DA:11,0
DA:15,20
DA:16,16
DA:20,16
DA:21,11
DA:23,13
LF:11
LH:10
BRDA:20,0,0,11
BRDA:20,0,1,5
BRF:2
BRH:2
end_of_record
TN:
SF:src/repositories/credentials-repository.ts
FN:5,getCredentials
FN:13,getCredentialsById
FN:21,getCredentialByTitle
FN:30,getCredentialByIdAndUserId
FN:39,postCredential
FN:51,deleteCredential
FNF:6
FNH:6
FNDA:2,getCredentials
FNDA:3,getCredentialsById
FNDA:2,getCredentialByTitle
FNDA:2,getCredentialByIdAndUserId
FNDA:2,postCredential
FNDA:1,deleteCredential
DA:1,5
DA:6,2
DA:14,3
DA:22,2
DA:31,2
DA:40,2
DA:52,1
DA:59,5
DA:68,5
LF:9
LH:9
BRF:0
BRH:0
end_of_record
TN:
SF:src/repositories/networks-repository.ts
FN:5,getNetworks
FN:13,getNetworksById
FN:21,getNetworkByTitle
FN:30,getNetworkByIdAndUserId
FN:39,postNetwork
FN:50,deleteNetwork
FNF:6
FNH:6
FNDA:2,getNetworks
FNDA:3,getNetworksById
FNDA:1,getNetworkByTitle
FNDA:2,getNetworkByIdAndUserId
FNDA:1,postNetwork
FNDA:1,deleteNetwork
DA:1,5
DA:6,2
DA:14,3
DA:22,1
DA:31,2
DA:40,1
DA:51,1
DA:58,5
DA:67,5
LF:9
LH:9
BRF:0
BRH:0
end_of_record
TN:
SF:src/repositories/user-repository.ts
FN:5,createUser
FN:14,findUser
FNF:2
FNH:2
FNDA:3,createUser
FNDA:8,findUser
DA:1,5
DA:6,3
DA:15,8
DA:22,5
DA:27,5
LF:5
LH:5
BRF:0
BRH:0
end_of_record
TN:
SF:src/routers/auth-router.ts
FNF:0
FNH:0
DA:1,5
DA:2,5
DA:3,5
DA:4,5
DA:6,5
DA:8,5
DA:10,5
LF:7
LH:7
BRF:0
BRH:0
end_of_record
TN:
SF:src/routers/credentials-router.ts
FNF:0
FNH:0
DA:1,5
DA:2,5
DA:3,5
DA:4,5
DA:5,5
DA:7,5
DA:9,5
DA:15,5
LF:8
LH:8
BRF:0
BRH:0
end_of_record
TN:
SF:src/routers/index.ts
FNF:0
FNH:0
DA:1,5
DA:2,5
DA:3,5
DA:4,5
LF:4
LH:4
BRF:0
BRH:0
end_of_record
TN:
SF:src/routers/networks-router.ts
FNF:0
FNH:0
DA:1,5
DA:2,5
DA:3,5
DA:4,5
DA:5,5
DA:7,5
DA:9,5
DA:15,5
LF:8
LH:8
BRF:0
BRH:0
end_of_record
TN:
SF:src/routers/users-router.ts
FNF:0
FNH:0
DA:1,5
DA:2,5
DA:3,5
DA:4,5
DA:6,5
DA:9,5
DA:11,5
LF:7
LH:7
BRF:0
BRH:0
end_of_record
TN:
SF:src/schemas/user-schema.ts
FNF:0
FNH:0
DA:4,5
DA:6,5
DA:11,5
DA:16,5
DA:23,5
LF:5
LH:5
BRF:0
BRH:0
end_of_record
TN:
SF:src/services/auth-service.ts
FN:7,signIn
FNF:1
FNH:1
FNDA:4,signIn
DA:1,5
DA:3,5
DA:4,5
DA:5,5
DA:7,5
DA:9,4
DA:11,4
DA:12,1
DA:15,3
DA:17,3
DA:18,1
DA:21,2
DA:23,2
DA:25,2
DA:28,5
DA:32,5
LF:16
LH:16
BRDA:11,0,0,1
BRDA:17,1,0,1
BRF:2
BRH:2
end_of_record
TN:
SF:src/services/credentials-service.ts
FN:9,getCredentials
FN:15,(anonymous_2)
FN:41,postCredential
FN:55,deleteCredential
FNF:4
FNH:4
FNDA:5,getCredentials
FNDA:1,(anonymous_2)
FNDA:2,postCredential
FNDA:4,deleteCredential
DA:3,5
DA:4,5
DA:6,5
DA:7,5
DA:11,5
DA:12,2
DA:15,2
DA:16,1
DA:17,0
DA:18,0
DA:22,1
DA:25,3
DA:27,3
DA:28,1
DA:31,2
DA:32,1
DA:35,1
DA:36,0
DA:38,0
DA:43,2
DA:45,2
DA:47,2
DA:48,0
DA:51,2
DA:52,1
DA:57,4
DA:58,2
DA:63,2
DA:65,2
DA:66,1
DA:69,1
DA:71,1
DA:74,5
DA:81,5
LF:34
LH:29
BRDA:11,0,0,2
BRDA:27,1,0,1
BRDA:31,2,0,1
BRDA:47,3,0,0
BRDA:57,4,0,2
BRDA:65,5,0,1
BRF:6
BRH:5
end_of_record
TN:
SF:src/services/networks-service.ts
FN:9,getNetworks
FN:14,(anonymous_2)
FN:39,postNetwork
FN:53,deleteNetwork
FNF:4
FNH:4
FNDA:5,getNetworks
FNDA:1,(anonymous_2)
FNDA:1,postNetwork
FNDA:4,deleteNetwork
DA:1,5
DA:4,5
DA:6,5
DA:7,5
DA:11,5
DA:12,2
DA:14,2
DA:15,1
DA:16,0
DA:17,0
DA:20,1
DA:23,3
DA:25,3
DA:26,1
DA:29,2
DA:30,1
DA:33,1
DA:34,0
DA:36,0
DA:41,1
DA:43,1
DA:45,1
DA:46,0
DA:49,1
DA:50,1
DA:55,4
DA:56,2
DA:59,2
DA:61,2
DA:62,1
DA:65,1
DA:67,1
DA:70,5
DA:77,5
LF:34
LH:29
BRDA:11,0,0,2
BRDA:25,1,0,1
BRDA:29,2,0,1
BRDA:45,3,0,0
BRDA:55,4,0,2
BRDA:61,5,0,1
BRF:6
BRH:5
end_of_record
TN:
SF:src/services/users-service.ts
FN:6,createUser
FNF:1
FNH:1
FNDA:4,createUser
DA:1,5
DA:3,5
DA:4,5
DA:8,4
DA:10,4
DA:11,1
DA:14,3
DA:16,3
DA:17,3
DA:20,5
DA:26,5
LF:11
LH:11
BRDA:10,0,0,1
BRF:1
BRH:1
end_of_record
TN:
SF:tests/helpers.ts
FN:5,cleanDb
FN:11,generateValidToken
FNF:2
FNH:2
FNDA:38,cleanDb
FNDA:22,generateValidToken
DA:1,4
DA:3,4
DA:5,4
DA:6,38
DA:7,38
DA:8,38
DA:11,4
DA:12,22
DA:13,22
LF:9
LH:9
BRF:0
BRH:0
end_of_record
TN:
SF:tests/factories/index.ts
FNF:0
FNH:0
DA:1,4
LF:1
LH:1
BRF:0
BRH:0
end_of_record
TN:
SF:tests/factories/users-factory.ts
FN:6,createUser
FN:18,createCredential
FN:31,createNetwork
FNF:3
FNH:3
FNDA:30,createUser
FNDA:8,createCredential
FNDA:8,createNetwork
DA:1,4
DA:2,4
DA:4,4
DA:6,4
DA:7,30
DA:8,30
DA:10,30
DA:18,4
DA:20,8
DA:31,4
DA:33,8
LF:11
LH:11
BRDA:6,0,0,0
BRDA:7,1,0,30
BRDA:7,1,1,0
BRDA:12,2,0,30
BRDA:12,2,1,0
BRF:5
BRH:2
end_of_record
