TN:
SF:src/app.ts
FN:24,(anonymous_1)
FN:32,init
FN:37,close
FNF:3
FNH:2
FNDA:1,(anonymous_1)
FNDA:4,init
FNDA:0,close
DA:1,4
DA:2,4
DA:3,4
DA:4,4
DA:7,4
DA:9,4
DA:13,4
DA:20,4
DA:21,4
DA:24,1
DA:32,4
DA:33,4
DA:34,4
DA:37,4
DA:38,0
DA:41,4
LF:16
LH:15
BRF:0
BRH:0
end_of_record
TN:
SF:src/config/database.ts
FN:4,connectDb
FN:8,disconnectDB
FNF:2
FNH:1
FNDA:4,connectDb
FNDA:0,disconnectDB
DA:1,4
DA:4,4
DA:5,4
DA:8,4
DA:9,0
LF:5
LH:4
BRF:0
BRH:0
end_of_record
TN:
SF:src/config/envs.ts
FN:4,loadEnv
FNF:1
FNH:1
FNDA:8,loadEnv
DA:1,4
DA:2,4
DA:4,4
DA:6,8
DA:12,8
DA:13,8
LF:6
LH:6
BRDA:6,0,0,8
BRDA:6,0,1,0
BRDA:8,1,0,0
BRDA:8,1,1,0
BRF:4
BRH:1
end_of_record
TN:
SF:src/config/index.ts
FNF:0
FNH:0
DA:1,4
DA:2,4
LF:2
LH:2
BRF:0
BRH:0
end_of_record
TN:
SF:src/controllers/auth-controller.ts
FN:5,signIn
FNF:1
FNH:1
FNDA:4,signIn
DA:1,4
DA:3,4
DA:5,4
DA:7,4
DA:9,4
DA:10,4
DA:11,2
DA:15,2
DA:16,1
DA:18,1
DA:19,1
DA:21,0
LF:12
LH:11
BRDA:15,0,0,1
BRDA:18,1,0,1
BRF:2
BRH:2
end_of_record
TN:
SF:src/controllers/credentials-controller.ts
FN:7,getCredentials
FN:27,postCredential
FN:47,deleteCredential
FNF:3
FNH:0
FNDA:0,getCredentials
FNDA:0,postCredential
FNDA:0,deleteCredential
DA:1,4
DA:4,4
DA:7,4
DA:9,0
DA:10,0
DA:12,0
DA:13,0
DA:14,0
DA:17,0
DA:18,0
DA:20,0
DA:21,0
DA:23,0
DA:27,4
DA:29,0
DA:30,0
DA:32,0
DA:33,0
DA:34,0
DA:37,0
DA:38,0
DA:40,0
DA:41,0
DA:43,0
DA:47,4
DA:49,0
DA:50,0
DA:52,0
DA:53,0
DA:54,0
DA:57,0
DA:58,0
DA:60,0
DA:61,0
DA:63,0
LF:35
LH:5
BRDA:17,0,0,0
BRDA:20,1,0,0
BRDA:37,2,0,0
BRDA:40,3,0,0
BRDA:57,4,0,0
BRDA:60,5,0,0
BRF:6
BRH:0
end_of_record
TN:
SF:src/controllers/index.ts
FNF:0
FNH:0
DA:10,4
DA:11,4
DA:12,4
DA:13,4
LF:4
LH:4
BRF:0
BRH:0
end_of_record
TN:
SF:src/controllers/networks-controller.ts
FN:7,getNetworks
FN:27,postNetwork
FN:47,deleteNetwork
FNF:3
FNH:0
FNDA:0,getNetworks
FNDA:0,postNetwork
FNDA:0,deleteNetwork
DA:1,4
DA:4,4
DA:7,4
DA:9,0
DA:10,0
DA:12,0
DA:13,0
DA:14,0
DA:17,0
DA:18,0
DA:20,0
DA:21,0
DA:23,0
DA:27,4
DA:29,0
DA:30,0
DA:32,0
DA:33,0
DA:34,0
DA:37,0
DA:38,0
DA:40,0
DA:41,0
DA:43,0
DA:47,4
DA:49,0
DA:50,0
DA:52,0
DA:53,0
DA:54,0
DA:57,0
DA:58,0
DA:60,0
DA:61,0
DA:63,0
LF:35
LH:5
BRDA:17,0,0,0
BRDA:20,1,0,0
BRDA:37,2,0,0
BRDA:40,3,0,0
BRDA:57,4,0,0
BRDA:60,5,0,0
BRF:6
BRH:0
end_of_record
TN:
SF:src/controllers/users-controller.ts
FN:5,postUser
FNF:1
FNH:1
FNDA:4,postUser
DA:1,4
DA:3,4
DA:5,4
DA:7,4
DA:9,4
DA:10,4
DA:11,2
DA:17,2
DA:18,2
DA:20,0
LF:10
LH:9
BRDA:17,0,0,2
BRF:1
BRH:1
end_of_record
TN:
SF:src/errors/conflict-error.ts
FN:3,conflictError
FNF:1
FNH:0
FNDA:0,conflictError
DA:3,4
DA:4,0
LF:2
LH:1
BRF:0
BRH:0
end_of_record
TN:
SF:src/errors/duplicated-email-error.ts
FN:3,duplicatedEmailError
FNF:1
FNH:1
FNDA:3,duplicatedEmailError
DA:3,4
DA:4,3
LF:2
LH:2
BRF:0
BRH:0
end_of_record
TN:
SF:src/errors/duplicated-title-error.ts
FN:3,duplicatedTitleError
FNF:1
FNH:0
FNDA:0,duplicatedTitleError
DA:3,4
DA:4,0
LF:2
LH:1
BRF:0
BRH:0
end_of_record
TN:
SF:src/errors/index.ts
FNF:0
FNH:0
DA:1,4
DA:2,4
DA:3,4
DA:4,4
DA:5,4
DA:6,4
DA:7,4
DA:8,4
DA:9,4
LF:9
LH:9
BRF:0
BRH:0
end_of_record
TN:
SF:src/errors/invalid-credentials-error.ts
FN:3,invalidCredentialsError
FNF:1
FNH:1
FNDA:1,invalidCredentialsError
DA:3,4
DA:4,1
LF:2
LH:2
BRF:0
BRH:0
end_of_record
TN:
SF:src/errors/invalid-data-error.ts
FN:3,invalidDataError
FNF:1
FNH:1
FNDA:4,invalidDataError
DA:3,4
DA:4,4
LF:2
LH:2
BRF:0
BRH:0
end_of_record
TN:
SF:src/errors/invalid-email-error.ts
FN:3,invalidEmailError
FNF:1
FNH:1
FNDA:1,invalidEmailError
DA:3,4
DA:4,1
LF:2
LH:2
BRF:0
BRH:0
end_of_record
TN:
SF:src/errors/not-found-error.ts
FN:3,notFoundError
FNF:1
FNH:0
FNDA:0,notFoundError
DA:3,4
DA:4,0
LF:2
LH:1
BRF:0
BRH:0
end_of_record
TN:
SF:src/errors/request-error.ts
FN:3,requestError
FNF:1
FNH:0
FNDA:0,requestError
DA:3,4
DA:4,0
LF:2
LH:1
BRF:0
BRH:0
end_of_record
TN:
SF:src/errors/unauthorized-error.ts
FN:3,unauthorizedError
FNF:1
FNH:1
FNDA:15,unauthorizedError
DA:3,4
DA:4,15
LF:2
LH:2
BRF:0
BRH:0
end_of_record
TN:
SF:src/middlewares/authentication.ts
FN:11,authenticateToken
FNF:1
FNH:1
FNDA:15,authenticateToken
DA:2,4
DA:3,4
DA:5,4
DA:11,4
DA:12,15
DA:13,15
DA:15,12
DA:16,12
DA:18,12
DA:19,12
DA:21,0
DA:23,0
DA:25,12
LF:13
LH:11
BRDA:13,0,0,3
BRDA:16,1,0,0
BRF:2
BRH:1
end_of_record
TN:
SF:src/middlewares/schema-validation.ts
FN:6,validateBody
FN:10,validateParams
FN:14,validate
FN:15,(anonymous_4)
FN:23,(anonymous_5)
FNF:5
FNH:4
FNDA:16,validateBody
FNDA:0,validateParams
FNDA:16,validate
FNDA:12,(anonymous_4)
FNDA:10,(anonymous_5)
DA:1,4
DA:3,4
DA:6,4
DA:7,16
DA:10,4
DA:11,0
DA:15,16
DA:16,12
DA:20,12
DA:21,8
DA:23,10
LF:11
LH:10
BRDA:20,0,0,8
BRDA:20,0,1,4
BRF:2
BRH:2
end_of_record
TN:
SF:src/repositories/credentials-repository.ts
FN:5,getCredentials
FN:13,getCredentialsById
FN:21,getCredentialByTitle
FN:30,getCredentialByIdAndUserId
FN:39,postCredential
FN:51,deleteCredential
FNF:6
FNH:0
FNDA:0,getCredentials
FNDA:0,getCredentialsById
FNDA:0,getCredentialByTitle
FNDA:0,getCredentialByIdAndUserId
FNDA:0,postCredential
FNDA:0,deleteCredential
DA:1,4
DA:6,0
DA:14,0
DA:22,0
DA:31,0
DA:40,0
DA:52,0
DA:59,4
DA:68,4
LF:9
LH:3
BRF:0
BRH:0
end_of_record
TN:
SF:src/repositories/networks-repository.ts
FN:5,getNetworks
FN:13,getNetworksById
FN:21,getNetworkByTitle
FN:30,getNetworkByIdAndUserId
FN:39,postNetwork
FN:50,deleteNetwork
FNF:6
FNH:0
FNDA:0,getNetworks
FNDA:0,getNetworksById
FNDA:0,getNetworkByTitle
FNDA:0,getNetworkByIdAndUserId
FNDA:0,postNetwork
FNDA:0,deleteNetwork
DA:1,4
DA:6,0
DA:14,0
DA:22,0
DA:31,0
DA:40,0
DA:51,0
DA:58,4
DA:67,4
LF:9
LH:3
BRF:0
BRH:0
end_of_record
TN:
SF:src/repositories/user-repository.ts
FN:5,createUser
FN:14,findUser
FNF:2
FNH:2
FNDA:2,createUser
FNDA:8,findUser
DA:1,4
DA:6,2
DA:15,8
DA:22,4
DA:27,4
LF:5
LH:5
BRF:0
BRH:0
end_of_record
TN:
SF:src/routers/auth-router.ts
FNF:0
FNH:0
DA:1,4
DA:2,4
DA:3,4
DA:4,4
DA:6,4
DA:8,4
DA:10,4
LF:7
LH:7
BRF:0
BRH:0
end_of_record
TN:
SF:src/routers/credentials-router.ts
FNF:0
FNH:0
DA:1,4
DA:2,4
DA:3,4
DA:4,4
DA:5,4
DA:7,4
DA:9,4
DA:16,4
LF:8
LH:8
BRF:0
BRH:0
end_of_record
TN:
SF:src/routers/index.ts
FNF:0
FNH:0
DA:1,4
DA:2,4
DA:3,4
DA:4,4
LF:4
LH:4
BRF:0
BRH:0
end_of_record
TN:
SF:src/routers/networks-router.ts
FNF:0
FNH:0
DA:1,4
DA:2,4
DA:3,4
DA:4,4
DA:5,4
DA:7,4
DA:9,4
DA:15,4
LF:8
LH:8
BRF:0
BRH:0
end_of_record
TN:
SF:src/routers/users-router.ts
FNF:0
FNH:0
DA:1,4
DA:2,4
DA:3,4
DA:4,4
DA:6,4
DA:9,4
DA:11,4
LF:7
LH:7
BRF:0
BRH:0
end_of_record
TN:
SF:src/schemas/user-schema.ts
FNF:0
FNH:0
DA:4,4
DA:6,4
DA:11,4
DA:16,4
DA:23,4
LF:5
LH:5
BRF:0
BRH:0
end_of_record
TN:
SF:src/services/auth-service.ts
FN:7,signIn
FN:28,authorization
FNF:2
FNH:1
FNDA:4,signIn
FNDA:0,authorization
DA:1,4
DA:3,4
DA:4,4
DA:5,4
DA:7,4
DA:9,4
DA:11,4
DA:12,1
DA:15,3
DA:17,3
DA:18,1
DA:21,2
DA:23,2
DA:25,2
DA:28,4
DA:32,0
DA:38,4
DA:43,4
LF:18
LH:17
BRDA:11,0,0,1
BRDA:17,1,0,1
BRF:2
BRH:2
end_of_record
TN:
SF:src/services/credentials-service.ts
FN:9,getCredentials
FN:14,(anonymous_2)
FN:39,postCredential
FN:53,deleteCredential
FNF:4
FNH:0
FNDA:0,getCredentials
FNDA:0,(anonymous_2)
FNDA:0,postCredential
FNDA:0,deleteCredential
DA:3,4
DA:4,4
DA:6,4
DA:7,4
DA:11,0
DA:12,0
DA:14,0
DA:15,0
DA:16,0
DA:17,0
DA:20,0
DA:23,0
DA:25,0
DA:26,0
DA:29,0
DA:30,0
DA:33,0
DA:34,0
DA:36,0
DA:41,0
DA:43,0
DA:45,0
DA:46,0
DA:49,0
DA:50,0
DA:55,0
DA:56,0
DA:61,0
DA:63,0
DA:64,0
DA:67,0
DA:69,0
DA:72,4
DA:79,4
LF:34
LH:6
BRDA:11,0,0,0
BRDA:25,1,0,0
BRDA:29,2,0,0
BRDA:45,3,0,0
BRDA:55,4,0,0
BRDA:63,5,0,0
BRF:6
BRH:0
end_of_record
TN:
SF:src/services/networks-service.ts
FN:9,getNetworks
FN:14,(anonymous_2)
FN:39,postNetwork
FN:53,deleteNetwork
FNF:4
FNH:0
FNDA:0,getNetworks
FNDA:0,(anonymous_2)
FNDA:0,postNetwork
FNDA:0,deleteNetwork
DA:1,4
DA:4,4
DA:6,4
DA:7,4
DA:11,0
DA:12,0
DA:14,0
DA:15,0
DA:16,0
DA:17,0
DA:20,0
DA:23,0
DA:25,0
DA:26,0
DA:29,0
DA:30,0
DA:33,0
DA:34,0
DA:36,0
DA:41,0
DA:43,0
DA:45,0
DA:46,0
DA:49,0
DA:50,0
DA:55,0
DA:56,0
DA:59,0
DA:61,0
DA:62,0
DA:65,0
DA:67,0
DA:70,4
DA:77,4
LF:34
LH:6
BRDA:11,0,0,0
BRDA:25,1,0,0
BRDA:29,2,0,0
BRDA:45,3,0,0
BRDA:55,4,0,0
BRDA:61,5,0,0
BRF:6
BRH:0
end_of_record
TN:
SF:src/services/users-service.ts
FN:6,createUser
FNF:1
FNH:1
FNDA:4,createUser
DA:1,4
DA:3,4
DA:4,4
DA:8,4
DA:10,4
DA:11,2
DA:14,2
DA:16,2
DA:17,2
DA:20,4
DA:26,4
LF:11
LH:11
BRDA:10,0,0,2
BRF:1
BRH:1
end_of_record
TN:
SF:tests/helpers.ts
FN:6,cleanDb
FN:12,generateValidToken
FNF:2
FNH:2
FNDA:3,cleanDb
FNDA:9,generateValidToken
DA:1,3
DA:3,3
DA:4,3
DA:6,3
DA:7,3
DA:8,3
DA:9,3
DA:12,3
DA:13,9
DA:14,9
DA:15,9
LF:11
LH:11
BRDA:13,0,0,9
BRDA:13,0,1,0
BRF:2
BRH:1
end_of_record
TN:
SF:tests/factories/index.ts
FNF:0
FNH:0
DA:1,3
LF:1
LH:1
BRF:0
BRH:0
end_of_record
TN:
SF:tests/factories/users-factory.ts
FN:6,createUser
FN:18,createCredential
FNF:2
FNH:2
FNDA:15,createUser
FNDA:6,createCredential
DA:1,3
DA:2,3
DA:4,3
DA:6,3
DA:7,15
DA:8,15
DA:10,15
DA:18,3
DA:20,6
LF:9
LH:9
BRDA:6,0,0,0
BRDA:7,1,0,15
BRDA:7,1,1,0
BRDA:12,2,0,15
BRDA:12,2,1,0
BRF:5
BRH:2
end_of_record
